{"/Users/Nat/coder_academy/sailor_mern/backend/app.js": {"path":"/Users/Nat/coder_academy/sailor_mern/backend/app.js","statementMap":{"0":{"start":{"line":1,"column":16},"end":{"line":1,"column":34}},"1":{"start":{"line":2,"column":15},"end":{"line":2,"column":44}},"2":{"start":{"line":3,"column":15},"end":{"line":3,"column":32}},"3":{"start":{"line":4,"column":23},"end":{"line":4,"column":49}},"4":{"start":{"line":5,"column":19},"end":{"line":5,"column":59}},"5":{"start":{"line":6,"column":17},"end":{"line":6,"column":36}},"6":{"start":{"line":7,"column":23},"end":{"line":7,"column":49}},"7":{"start":{"line":8,"column":17},"end":{"line":8,"column":36}},"8":{"start":{"line":9,"column":21},"end":{"line":9,"column":45}},"9":{"start":{"line":10,"column":13},"end":{"line":10,"column":28}},"10":{"start":{"line":11,"column":12},"end":{"line":11,"column":21}},"11":{"start":{"line":17,"column":0},"end":{"line":17,"column":16}},"12":{"start":{"line":19,"column":0},"end":{"line":27,"column":4}},"13":{"start":{"line":29,"column":0},"end":{"line":29,"column":64}},"14":{"start":{"line":31,"column":0},"end":{"line":31,"column":49}},"15":{"start":{"line":32,"column":0},"end":{"line":32,"column":24}},"16":{"start":{"line":34,"column":0},"end":{"line":34,"column":29}},"17":{"start":{"line":35,"column":0},"end":{"line":35,"column":31}},"18":{"start":{"line":36,"column":0},"end":{"line":36,"column":28}},"19":{"start":{"line":38,"column":0},"end":{"line":38,"column":24}},"20":{"start":{"line":40,"column":0},"end":{"line":40,"column":28}},"21":{"start":{"line":42,"column":0},"end":{"line":42,"column":29}},"22":{"start":{"line":44,"column":0},"end":{"line":44,"column":34}},"23":{"start":{"line":46,"column":0},"end":{"line":46,"column":50}},"24":{"start":{"line":48,"column":0},"end":{"line":48,"column":31}},"25":{"start":{"line":50,"column":0},"end":{"line":50,"column":35}},"26":{"start":{"line":52,"column":0},"end":{"line":52,"column":21}}},"fnMap":{},"branchMap":{},"s":{"0":1,"1":1,"2":1,"3":1,"4":1,"5":1,"6":1,"7":1,"8":1,"9":1,"10":1,"11":1,"12":1,"13":1,"14":1,"15":1,"16":1,"17":1,"18":1,"19":1,"20":1,"21":1,"22":1,"23":1,"24":1,"25":1,"26":1},"f":{},"b":{},"_coverageSchema":"43e27e138ebf9cfc5966b082cf9a028302ed4184","hash":"d8797f5ef9f2d0fb18457edc9a3b4eeb7eba48e8"}
,"/Users/Nat/coder_academy/sailor_mern/backend/config/passport.js": {"path":"/Users/Nat/coder_academy/sailor_mern/backend/config/passport.js","statementMap":{"0":{"start":{"line":1,"column":17},"end":{"line":1,"column":36}},"1":{"start":{"line":2,"column":22},"end":{"line":2,"column":47}},"2":{"start":{"line":3,"column":45},"end":{"line":3,"column":68}},"3":{"start":{"line":4,"column":39},"end":{"line":4,"column":84}},"4":{"start":{"line":5,"column":18},"end":{"line":5,"column":60}},"5":{"start":{"line":8,"column":0},"end":{"line":10,"column":3}},"6":{"start":{"line":9,"column":4},"end":{"line":9,"column":25}},"7":{"start":{"line":15,"column":0},"end":{"line":22,"column":3}},"8":{"start":{"line":16,"column":4},"end":{"line":21,"column":5}},"9":{"start":{"line":17,"column":21},"end":{"line":17,"column":49}},"10":{"start":{"line":18,"column":8},"end":{"line":18,"column":25}},"11":{"start":{"line":20,"column":8},"end":{"line":20,"column":20}},"12":{"start":{"line":24,"column":0},"end":{"line":39,"column":3}},"13":{"start":{"line":29,"column":21},"end":{"line":30,"column":20}},"14":{"start":{"line":33,"column":8},"end":{"line":35,"column":5}},"15":{"start":{"line":34,"column":8},"end":{"line":34,"column":33}},"16":{"start":{"line":37,"column":4},"end":{"line":37,"column":28}},"17":{"start":{"line":41,"column":0},"end":{"line":59,"column":3}},"18":{"start":{"line":47,"column":8},"end":{"line":57,"column":9}},"19":{"start":{"line":48,"column":25},"end":{"line":48,"column":66}},"20":{"start":{"line":50,"column":12},"end":{"line":52,"column":13}},"21":{"start":{"line":51,"column":16},"end":{"line":51,"column":41}},"22":{"start":{"line":54,"column":12},"end":{"line":54,"column":36}},"23":{"start":{"line":56,"column":12},"end":{"line":56,"column":31}},"24":{"start":{"line":61,"column":0},"end":{"line":93,"column":3}},"25":{"start":{"line":71,"column":26},"end":{"line":71,"column":48}},"26":{"start":{"line":72,"column":25},"end":{"line":72,"column":48}},"27":{"start":{"line":73,"column":22},"end":{"line":73,"column":45}},"28":{"start":{"line":74,"column":23},"end":{"line":74,"column":46}},"29":{"start":{"line":75,"column":30},"end":{"line":75,"column":41}},"30":{"start":{"line":81,"column":19},"end":{"line":82,"column":24}},"31":{"start":{"line":84,"column":8},"end":{"line":86,"column":9}},"32":{"start":{"line":85,"column":12},"end":{"line":85,"column":36}},"33":{"start":{"line":89,"column":8},"end":{"line":89,"column":103}},"34":{"start":{"line":91,"column":8},"end":{"line":91,"column":32}}},"fnMap":{"0":{"name":"(anonymous_0)","decl":{"start":{"line":8,"column":23},"end":{"line":8,"column":24}},"loc":{"start":{"line":8,"column":36},"end":{"line":10,"column":1}},"line":8},"1":{"name":"(anonymous_1)","decl":{"start":{"line":15,"column":25},"end":{"line":15,"column":26}},"loc":{"start":{"line":15,"column":44},"end":{"line":22,"column":1}},"line":15},"2":{"name":"(anonymous_2)","decl":{"start":{"line":27,"column":4},"end":{"line":27,"column":5}},"loc":{"start":{"line":27,"column":37},"end":{"line":38,"column":1}},"line":27},"3":{"name":"(anonymous_3)","decl":{"start":{"line":46,"column":4},"end":{"line":46,"column":5}},"loc":{"start":{"line":46,"column":33},"end":{"line":58,"column":5}},"line":46},"4":{"name":"(anonymous_4)","decl":{"start":{"line":67,"column":7},"end":{"line":67,"column":8}},"loc":{"start":{"line":67,"column":59},"end":{"line":92,"column":5}},"line":67}},"branchMap":{"0":{"loc":{"start":{"line":33,"column":8},"end":{"line":35,"column":5}},"type":"if","locations":[{"start":{"line":33,"column":8},"end":{"line":35,"column":5}},{"start":{"line":33,"column":8},"end":{"line":35,"column":5}}],"line":33},"1":{"loc":{"start":{"line":33,"column":12},"end":{"line":33,"column":55}},"type":"binary-expr","locations":[{"start":{"line":33,"column":12},"end":{"line":33,"column":17}},{"start":{"line":33,"column":21},"end":{"line":33,"column":55}}],"line":33},"2":{"loc":{"start":{"line":50,"column":12},"end":{"line":52,"column":13}},"type":"if","locations":[{"start":{"line":50,"column":12},"end":{"line":52,"column":13}},{"start":{"line":50,"column":12},"end":{"line":52,"column":13}}],"line":50},"3":{"loc":{"start":{"line":84,"column":8},"end":{"line":86,"column":9}},"type":"if","locations":[{"start":{"line":84,"column":8},"end":{"line":86,"column":9}},{"start":{"line":84,"column":8},"end":{"line":86,"column":9}}],"line":84}},"s":{"0":1,"1":1,"2":1,"3":1,"4":1,"5":1,"6":0,"7":1,"8":0,"9":0,"10":0,"11":0,"12":1,"13":0,"14":0,"15":0,"16":0,"17":1,"18":0,"19":0,"20":0,"21":0,"22":0,"23":0,"24":1,"25":0,"26":0,"27":0,"28":0,"29":0,"30":0,"31":0,"32":0,"33":0,"34":0},"f":{"0":0,"1":0,"2":0,"3":0,"4":0},"b":{"0":[0,0],"1":[0,0],"2":[0,0],"3":[0,0]},"_coverageSchema":"43e27e138ebf9cfc5966b082cf9a028302ed4184","hash":"d3a68ded4dc828141e73b846713d8be52d843cb3"}
,"/Users/Nat/coder_academy/sailor_mern/backend/controllers/article_controller.js": {"path":"/Users/Nat/coder_academy/sailor_mern/backend/controllers/article_controller.js","statementMap":{"0":{"start":{"line":1,"column":21},"end":{"line":1,"column":64}},"1":{"start":{"line":2,"column":18},"end":{"line":2,"column":58}},"2":{"start":{"line":3,"column":36},"end":{"line":3,"column":72}},"3":{"start":{"line":4,"column":20},"end":{"line":4,"column":45}},"4":{"start":{"line":8,"column":17},"end":{"line":8,"column":27}},"5":{"start":{"line":10,"column":18},"end":{"line":10,"column":49}},"6":{"start":{"line":11,"column":4},"end":{"line":11,"column":33}},"7":{"start":{"line":16,"column":20},"end":{"line":16,"column":28}},"8":{"start":{"line":18,"column":4},"end":{"line":38,"column":5}},"9":{"start":{"line":19,"column":24},"end":{"line":19,"column":58}},"10":{"start":{"line":20,"column":8},"end":{"line":31,"column":10}},"11":{"start":{"line":32,"column":8},"end":{"line":32,"column":54}},"12":{"start":{"line":33,"column":8},"end":{"line":33,"column":36}},"13":{"start":{"line":35,"column":8},"end":{"line":35,"column":147}},"14":{"start":{"line":36,"column":8},"end":{"line":36,"column":39}},"15":{"start":{"line":37,"column":8},"end":{"line":37,"column":46}},"16":{"start":{"line":41,"column":0},"end":{"line":44,"column":1}}},"fnMap":{"0":{"name":"show","decl":{"start":{"line":7,"column":15},"end":{"line":7,"column":19}},"loc":{"start":{"line":7,"column":36},"end":{"line":12,"column":1}},"line":7},"1":{"name":"create","decl":{"start":{"line":15,"column":15},"end":{"line":15,"column":21}},"loc":{"start":{"line":15,"column":32},"end":{"line":39,"column":1}},"line":15}},"branchMap":{"0":{"loc":{"start":{"line":21,"column":25},"end":{"line":21,"column":51}},"type":"binary-expr","locations":[{"start":{"line":21,"column":25},"end":{"line":21,"column":46}},{"start":{"line":21,"column":50},"end":{"line":21,"column":51}}],"line":21}},"s":{"0":1,"1":1,"2":1,"3":1,"4":0,"5":0,"6":0,"7":0,"8":0,"9":0,"10":0,"11":0,"12":0,"13":0,"14":0,"15":0,"16":1},"f":{"0":0,"1":0},"b":{"0":[0,0]},"_coverageSchema":"43e27e138ebf9cfc5966b082cf9a028302ed4184","hash":"5759544da5f9535b68213ebc8e4711a56d640e75"}
,"/Users/Nat/coder_academy/sailor_mern/backend/controllers/auth_controller.js": {"path":"/Users/Nat/coder_academy/sailor_mern/backend/controllers/auth_controller.js","statementMap":{"0":{"start":{"line":1,"column":18},"end":{"line":1,"column":60}},"1":{"start":{"line":2,"column":19},"end":{"line":2,"column":55}},"2":{"start":{"line":8,"column":65},"end":{"line":8,"column":73}},"3":{"start":{"line":10,"column":17},"end":{"line":10,"column":87}},"4":{"start":{"line":12,"column":4},"end":{"line":22,"column":7}},"5":{"start":{"line":13,"column":8},"end":{"line":18,"column":9}},"6":{"start":{"line":14,"column":12},"end":{"line":17,"column":15}},"7":{"start":{"line":20,"column":22},"end":{"line":20,"column":52}},"8":{"start":{"line":21,"column":8},"end":{"line":21,"column":35}},"9":{"start":{"line":29,"column":21},"end":{"line":29,"column":24}},"10":{"start":{"line":32,"column":18},"end":{"line":32,"column":48}},"11":{"start":{"line":33,"column":4},"end":{"line":33,"column":31}},"12":{"start":{"line":40,"column":21},"end":{"line":40,"column":24}},"13":{"start":{"line":43,"column":18},"end":{"line":43,"column":48}},"14":{"start":{"line":44,"column":4},"end":{"line":44,"column":73}},"15":{"start":{"line":49,"column":0},"end":{"line":53,"column":1}}},"fnMap":{"0":{"name":"registerCreate","decl":{"start":{"line":6,"column":15},"end":{"line":6,"column":29}},"loc":{"start":{"line":6,"column":46},"end":{"line":23,"column":1}},"line":6},"1":{"name":"(anonymous_1)","decl":{"start":{"line":12,"column":20},"end":{"line":12,"column":21}},"loc":{"start":{"line":12,"column":31},"end":{"line":22,"column":5}},"line":12},"2":{"name":"loginCreate","decl":{"start":{"line":26,"column":9},"end":{"line":26,"column":20}},"loc":{"start":{"line":26,"column":37},"end":{"line":34,"column":1}},"line":26},"3":{"name":"loginOAuthCreate","decl":{"start":{"line":37,"column":9},"end":{"line":37,"column":25}},"loc":{"start":{"line":37,"column":42},"end":{"line":45,"column":1}},"line":37}},"branchMap":{"0":{"loc":{"start":{"line":8,"column":49},"end":{"line":8,"column":60}},"type":"default-arg","locations":[{"start":{"line":8,"column":55},"end":{"line":8,"column":60}}],"line":8},"1":{"loc":{"start":{"line":13,"column":8},"end":{"line":18,"column":9}},"type":"if","locations":[{"start":{"line":13,"column":8},"end":{"line":18,"column":9}},{"start":{"line":13,"column":8},"end":{"line":18,"column":9}}],"line":13}},"s":{"0":1,"1":1,"2":1,"3":1,"4":0,"5":0,"6":0,"7":0,"8":0,"9":0,"10":0,"11":0,"12":0,"13":0,"14":0,"15":1},"f":{"0":1,"1":0,"2":0,"3":0},"b":{"0":[0],"1":[0,0]},"_coverageSchema":"43e27e138ebf9cfc5966b082cf9a028302ed4184","hash":"1b48d5db0967a72ab60a71e11797ee3c99bd2d4e"}
,"/Users/Nat/coder_academy/sailor_mern/backend/controllers/comment_controller.js": {"path":"/Users/Nat/coder_academy/sailor_mern/backend/controllers/comment_controller.js","statementMap":{"0":{"start":{"line":1,"column":21},"end":{"line":1,"column":66}},"1":{"start":{"line":2,"column":18},"end":{"line":2,"column":60}},"2":{"start":{"line":6,"column":22},"end":{"line":6,"column":32}},"3":{"start":{"line":8,"column":16},"end":{"line":8,"column":54}},"4":{"start":{"line":11,"column":14},"end":{"line":11,"column":38}},"5":{"start":{"line":12,"column":22},"end":{"line":12,"column":24}},"6":{"start":{"line":13,"column":2},"end":{"line":18,"column":5}},"7":{"start":{"line":14,"column":54},"end":{"line":14,"column":58}},"8":{"start":{"line":15,"column":4},"end":{"line":15,"column":57}},"9":{"start":{"line":16,"column":4},"end":{"line":16,"column":36}},"10":{"start":{"line":17,"column":4},"end":{"line":17,"column":25}},"11":{"start":{"line":20,"column":2},"end":{"line":20,"column":46}},"12":{"start":{"line":26,"column":22},"end":{"line":26,"column":32}},"13":{"start":{"line":27,"column":55},"end":{"line":27,"column":63}},"14":{"start":{"line":30,"column":16},"end":{"line":30,"column":54}},"15":{"start":{"line":31,"column":2},"end":{"line":31,"column":62}},"16":{"start":{"line":32,"column":2},"end":{"line":32,"column":23}},"17":{"start":{"line":36,"column":27},"end":{"line":39,"column":5}},"18":{"start":{"line":45,"column":2},"end":{"line":53,"column":4}},"19":{"start":{"line":46,"column":4},"end":{"line":52,"column":8}},"20":{"start":{"line":48,"column":8},"end":{"line":51,"column":9}},"21":{"start":{"line":49,"column":10},"end":{"line":49,"column":82}},"22":{"start":{"line":50,"column":10},"end":{"line":50,"column":30}},"23":{"start":{"line":55,"column":2},"end":{"line":55,"column":29}},"24":{"start":{"line":59,"column":22},"end":{"line":59,"column":32}},"25":{"start":{"line":60,"column":34},"end":{"line":60,"column":42}},"26":{"start":{"line":63,"column":16},"end":{"line":63,"column":54}},"27":{"start":{"line":64,"column":16},"end":{"line":64,"column":38}},"28":{"start":{"line":67,"column":14},"end":{"line":67,"column":40}},"29":{"start":{"line":68,"column":2},"end":{"line":71,"column":3}},"30":{"start":{"line":69,"column":4},"end":{"line":69,"column":29}},"31":{"start":{"line":70,"column":4},"end":{"line":70,"column":25}},"32":{"start":{"line":73,"column":2},"end":{"line":73,"column":40}},"33":{"start":{"line":76,"column":0},"end":{"line":80,"column":2}}},"fnMap":{"0":{"name":"index","decl":{"start":{"line":5,"column":15},"end":{"line":5,"column":20}},"loc":{"start":{"line":5,"column":37},"end":{"line":21,"column":1}},"line":5},"1":{"name":"(anonymous_1)","decl":{"start":{"line":13,"column":16},"end":{"line":13,"column":17}},"loc":{"start":{"line":13,"column":24},"end":{"line":18,"column":3}},"line":13},"2":{"name":"createComment","decl":{"start":{"line":24,"column":15},"end":{"line":24,"column":28}},"loc":{"start":{"line":24,"column":39},"end":{"line":56,"column":1}},"line":24},"3":{"name":"(anonymous_3)","decl":{"start":{"line":45,"column":31},"end":{"line":45,"column":32}},"loc":{"start":{"line":45,"column":40},"end":{"line":53,"column":3}},"line":45},"4":{"name":"(anonymous_4)","decl":{"start":{"line":47,"column":12},"end":{"line":47,"column":13}},"loc":{"start":{"line":47,"column":25},"end":{"line":52,"column":7}},"line":47},"5":{"name":"destroyComment","decl":{"start":{"line":58,"column":15},"end":{"line":58,"column":29}},"loc":{"start":{"line":58,"column":40},"end":{"line":74,"column":1}},"line":58}},"branchMap":{"0":{"loc":{"start":{"line":48,"column":8},"end":{"line":51,"column":9}},"type":"if","locations":[{"start":{"line":48,"column":8},"end":{"line":51,"column":9}},{"start":{"line":48,"column":8},"end":{"line":51,"column":9}}],"line":48},"1":{"loc":{"start":{"line":68,"column":2},"end":{"line":71,"column":3}},"type":"if","locations":[{"start":{"line":68,"column":2},"end":{"line":71,"column":3}},{"start":{"line":68,"column":2},"end":{"line":71,"column":3}}],"line":68}},"s":{"0":1,"1":1,"2":0,"3":0,"4":0,"5":0,"6":0,"7":0,"8":0,"9":0,"10":0,"11":0,"12":0,"13":0,"14":0,"15":0,"16":0,"17":0,"18":0,"19":0,"20":0,"21":0,"22":0,"23":0,"24":0,"25":0,"26":0,"27":0,"28":0,"29":0,"30":0,"31":0,"32":0,"33":1},"f":{"0":0,"1":0,"2":0,"3":0,"4":0,"5":0},"b":{"0":[0,0],"1":[0,0]},"_coverageSchema":"43e27e138ebf9cfc5966b082cf9a028302ed4184","hash":"f97abc3c491e42c76a5cb9b54ec96504b0c3e93d"}
,"/Users/Nat/coder_academy/sailor_mern/backend/controllers/feed_controller.js": {"path":"/Users/Nat/coder_academy/sailor_mern/backend/controllers/feed_controller.js","statementMap":{"0":{"start":{"line":1,"column":21},"end":{"line":1,"column":66}},"1":{"start":{"line":5,"column":21},"end":{"line":5,"column":72}},"2":{"start":{"line":6,"column":21},"end":{"line":6,"column":24}},"3":{"start":{"line":8,"column":4},"end":{"line":10,"column":5}},"4":{"start":{"line":9,"column":8},"end":{"line":9,"column":38}},"5":{"start":{"line":12,"column":26},"end":{"line":26,"column":5}},"6":{"start":{"line":28,"column":28},"end":{"line":28,"column":30}},"7":{"start":{"line":30,"column":4},"end":{"line":39,"column":5}},"8":{"start":{"line":31,"column":8},"end":{"line":31,"column":43}},"9":{"start":{"line":33,"column":8},"end":{"line":38,"column":9}},"10":{"start":{"line":34,"column":33},"end":{"line":34,"column":96}},"11":{"start":{"line":35,"column":12},"end":{"line":37,"column":13}},"12":{"start":{"line":36,"column":16},"end":{"line":36,"column":55}},"13":{"start":{"line":41,"column":4},"end":{"line":52,"column":7}},"14":{"start":{"line":42,"column":8},"end":{"line":47,"column":11}},"15":{"start":{"line":43,"column":12},"end":{"line":45,"column":13}},"16":{"start":{"line":44,"column":16},"end":{"line":44,"column":66}},"17":{"start":{"line":46,"column":12},"end":{"line":46,"column":54}},"18":{"start":{"line":48,"column":8},"end":{"line":50,"column":9}},"19":{"start":{"line":49,"column":12},"end":{"line":49,"column":60}},"20":{"start":{"line":51,"column":8},"end":{"line":51,"column":31}},"21":{"start":{"line":54,"column":4},"end":{"line":54,"column":51}},"22":{"start":{"line":58,"column":25},"end":{"line":58,"column":35}},"23":{"start":{"line":59,"column":24},"end":{"line":59,"column":50}},"24":{"start":{"line":60,"column":29},"end":{"line":60,"column":82}},"25":{"start":{"line":62,"column":4},"end":{"line":62,"column":42}},"26":{"start":{"line":66,"column":0},"end":{"line":69,"column":1}}},"fnMap":{"0":{"name":"index","decl":{"start":{"line":4,"column":15},"end":{"line":4,"column":20}},"loc":{"start":{"line":4,"column":36},"end":{"line":55,"column":1}},"line":4},"1":{"name":"(anonymous_1)","decl":{"start":{"line":41,"column":21},"end":{"line":41,"column":22}},"loc":{"start":{"line":41,"column":32},"end":{"line":52,"column":5}},"line":41},"2":{"name":"(anonymous_2)","decl":{"start":{"line":42,"column":34},"end":{"line":42,"column":35}},"loc":{"start":{"line":42,"column":51},"end":{"line":47,"column":9}},"line":42},"3":{"name":"showArticlesByInterest","decl":{"start":{"line":57,"column":15},"end":{"line":57,"column":37}},"loc":{"start":{"line":57,"column":54},"end":{"line":63,"column":1}},"line":57}},"branchMap":{"0":{"loc":{"start":{"line":8,"column":4},"end":{"line":10,"column":5}},"type":"if","locations":[{"start":{"line":8,"column":4},"end":{"line":10,"column":5}},{"start":{"line":8,"column":4},"end":{"line":10,"column":5}}],"line":8},"1":{"loc":{"start":{"line":30,"column":4},"end":{"line":39,"column":5}},"type":"if","locations":[{"start":{"line":30,"column":4},"end":{"line":39,"column":5}},{"start":{"line":30,"column":4},"end":{"line":39,"column":5}}],"line":30},"2":{"loc":{"start":{"line":35,"column":12},"end":{"line":37,"column":13}},"type":"if","locations":[{"start":{"line":35,"column":12},"end":{"line":37,"column":13}},{"start":{"line":35,"column":12},"end":{"line":37,"column":13}}],"line":35},"3":{"loc":{"start":{"line":43,"column":12},"end":{"line":45,"column":13}},"type":"if","locations":[{"start":{"line":43,"column":12},"end":{"line":45,"column":13}},{"start":{"line":43,"column":12},"end":{"line":45,"column":13}}],"line":43},"4":{"loc":{"start":{"line":43,"column":16},"end":{"line":43,"column":258}},"type":"binary-expr","locations":[{"start":{"line":43,"column":16},"end":{"line":43,"column":52}},{"start":{"line":43,"column":56},"end":{"line":43,"column":104}},{"start":{"line":43,"column":108},"end":{"line":43,"column":156}},{"start":{"line":43,"column":160},"end":{"line":43,"column":208}},{"start":{"line":43,"column":212},"end":{"line":43,"column":258}}],"line":43},"5":{"loc":{"start":{"line":48,"column":8},"end":{"line":50,"column":9}},"type":"if","locations":[{"start":{"line":48,"column":8},"end":{"line":50,"column":9}},{"start":{"line":48,"column":8},"end":{"line":50,"column":9}}],"line":48},"6":{"loc":{"start":{"line":48,"column":12},"end":{"line":48,"column":164}},"type":"binary-expr","locations":[{"start":{"line":48,"column":12},"end":{"line":48,"column":60}},{"start":{"line":48,"column":64},"end":{"line":48,"column":112}},{"start":{"line":48,"column":116},"end":{"line":48,"column":164}}],"line":48}},"s":{"0":1,"1":0,"2":0,"3":0,"4":0,"5":0,"6":0,"7":0,"8":0,"9":0,"10":0,"11":0,"12":0,"13":0,"14":0,"15":0,"16":0,"17":0,"18":0,"19":0,"20":0,"21":0,"22":0,"23":0,"24":0,"25":0,"26":1},"f":{"0":0,"1":0,"2":0,"3":0},"b":{"0":[0,0],"1":[0,0],"2":[0,0],"3":[0,0],"4":[0,0,0,0,0],"5":[0,0],"6":[0,0,0]},"_coverageSchema":"43e27e138ebf9cfc5966b082cf9a028302ed4184","hash":"07a1268197caba0482b19742110a59ec7c42341c"}
,"/Users/Nat/coder_academy/sailor_mern/backend/controllers/likes_controller.js": {"path":"/Users/Nat/coder_academy/sailor_mern/backend/controllers/likes_controller.js","statementMap":{"0":{"start":{"line":1,"column":21},"end":{"line":1,"column":66}},"1":{"start":{"line":5,"column":24},"end":{"line":5,"column":34}},"2":{"start":{"line":6,"column":26},"end":{"line":6,"column":39}},"3":{"start":{"line":9,"column":21},"end":{"line":9,"column":59}},"4":{"start":{"line":10,"column":25},"end":{"line":10,"column":38}},"5":{"start":{"line":13,"column":4},"end":{"line":38,"column":5}},"6":{"start":{"line":15,"column":20},"end":{"line":15,"column":48}},"7":{"start":{"line":16,"column":8},"end":{"line":19,"column":9}},"8":{"start":{"line":17,"column":12},"end":{"line":17,"column":42}},"9":{"start":{"line":18,"column":12},"end":{"line":18,"column":33}},"10":{"start":{"line":22,"column":8},"end":{"line":22,"column":41}},"11":{"start":{"line":25,"column":8},"end":{"line":25,"column":53}},"12":{"start":{"line":29,"column":8},"end":{"line":29,"column":34}},"13":{"start":{"line":30,"column":8},"end":{"line":30,"column":29}},"14":{"start":{"line":33,"column":8},"end":{"line":33,"column":41}},"15":{"start":{"line":37,"column":8},"end":{"line":37,"column":52}},"16":{"start":{"line":43,"column":0},"end":{"line":45,"column":1}}},"fnMap":{"0":{"name":"update","decl":{"start":{"line":4,"column":15},"end":{"line":4,"column":21}},"loc":{"start":{"line":4,"column":38},"end":{"line":40,"column":1}},"line":4}},"branchMap":{"0":{"loc":{"start":{"line":13,"column":4},"end":{"line":38,"column":5}},"type":"if","locations":[{"start":{"line":13,"column":4},"end":{"line":38,"column":5}},{"start":{"line":13,"column":4},"end":{"line":38,"column":5}}],"line":13},"1":{"loc":{"start":{"line":16,"column":8},"end":{"line":19,"column":9}},"type":"if","locations":[{"start":{"line":16,"column":8},"end":{"line":19,"column":9}},{"start":{"line":16,"column":8},"end":{"line":19,"column":9}}],"line":16}},"s":{"0":1,"1":0,"2":0,"3":0,"4":0,"5":0,"6":0,"7":0,"8":0,"9":0,"10":0,"11":0,"12":0,"13":0,"14":0,"15":0,"16":1},"f":{"0":0},"b":{"0":[0,0],"1":[0,0]},"_coverageSchema":"43e27e138ebf9cfc5966b082cf9a028302ed4184","hash":"ee00141a0a96c89a6d3c4c247c047fdbb7960379"}
,"/Users/Nat/coder_academy/sailor_mern/backend/controllers/notification_controller.js": {"path":"/Users/Nat/coder_academy/sailor_mern/backend/controllers/notification_controller.js","statementMap":{"0":{"start":{"line":1,"column":18},"end":{"line":1,"column":60}},"1":{"start":{"line":5,"column":4},"end":{"line":5,"column":44}},"2":{"start":{"line":7,"column":19},"end":{"line":7,"column":22}},"3":{"start":{"line":9,"column":24},"end":{"line":9,"column":42}},"4":{"start":{"line":10,"column":30},"end":{"line":10,"column":32}},"5":{"start":{"line":13,"column":4},"end":{"line":31,"column":7}},"6":{"start":{"line":14,"column":34},"end":{"line":14,"column":70}},"7":{"start":{"line":15,"column":33},"end":{"line":15,"column":68}},"8":{"start":{"line":16,"column":36},"end":{"line":16,"column":87}},"9":{"start":{"line":17,"column":28},"end":{"line":17,"column":71}},"10":{"start":{"line":18,"column":30},"end":{"line":18,"column":46}},"11":{"start":{"line":19,"column":26},"end":{"line":25,"column":9}},"12":{"start":{"line":26,"column":8},"end":{"line":28,"column":9}},"13":{"start":{"line":27,"column":12},"end":{"line":27,"column":50}},"14":{"start":{"line":30,"column":8},"end":{"line":30,"column":35}},"15":{"start":{"line":33,"column":4},"end":{"line":33,"column":41}},"16":{"start":{"line":38,"column":4},"end":{"line":38,"column":43}},"17":{"start":{"line":42,"column":37},"end":{"line":42,"column":47}},"18":{"start":{"line":43,"column":15},"end":{"line":43,"column":47}},"19":{"start":{"line":44,"column":23},"end":{"line":44,"column":41}},"20":{"start":{"line":45,"column":4},"end":{"line":45,"column":35}},"21":{"start":{"line":48,"column":16},"end":{"line":48,"column":52}},"22":{"start":{"line":49,"column":30},"end":{"line":49,"column":51}},"23":{"start":{"line":50,"column":4},"end":{"line":50,"column":69}},"24":{"start":{"line":53,"column":20},"end":{"line":53,"column":70}},"25":{"start":{"line":54,"column":4},"end":{"line":54,"column":56}},"26":{"start":{"line":57,"column":4},"end":{"line":57,"column":34}},"27":{"start":{"line":58,"column":4},"end":{"line":58,"column":22}},"28":{"start":{"line":59,"column":4},"end":{"line":59,"column":80}},"29":{"start":{"line":62,"column":4},"end":{"line":62,"column":33}},"30":{"start":{"line":69,"column":0},"end":{"line":72,"column":1}}},"fnMap":{"0":{"name":"index","decl":{"start":{"line":3,"column":15},"end":{"line":3,"column":20}},"loc":{"start":{"line":3,"column":35},"end":{"line":34,"column":1}},"line":3},"1":{"name":"(anonymous_1)","decl":{"start":{"line":13,"column":26},"end":{"line":13,"column":27}},"loc":{"start":{"line":13,"column":42},"end":{"line":31,"column":5}},"line":13},"2":{"name":"showAndDelete","decl":{"start":{"line":36,"column":15},"end":{"line":36,"column":28}},"loc":{"start":{"line":36,"column":43},"end":{"line":66,"column":1}},"line":36}},"branchMap":{"0":{"loc":{"start":{"line":26,"column":8},"end":{"line":28,"column":9}},"type":"if","locations":[{"start":{"line":26,"column":8},"end":{"line":28,"column":9}},{"start":{"line":26,"column":8},"end":{"line":28,"column":9}}],"line":26}},"s":{"0":1,"1":0,"2":0,"3":0,"4":0,"5":0,"6":0,"7":0,"8":0,"9":0,"10":0,"11":0,"12":0,"13":0,"14":0,"15":0,"16":0,"17":0,"18":0,"19":0,"20":0,"21":0,"22":0,"23":0,"24":0,"25":0,"26":0,"27":0,"28":0,"29":0,"30":1},"f":{"0":0,"1":0,"2":0},"b":{"0":[0,0]},"_coverageSchema":"43e27e138ebf9cfc5966b082cf9a028302ed4184","hash":"e419573a5a130048c5eebdaf4ab0c3b0cb6922b2"}
,"/Users/Nat/coder_academy/sailor_mern/backend/controllers/user_controller.js": {"path":"/Users/Nat/coder_academy/sailor_mern/backend/controllers/user_controller.js","statementMap":{"0":{"start":{"line":1,"column":18},"end":{"line":1,"column":60}},"1":{"start":{"line":2,"column":21},"end":{"line":2,"column":66}},"2":{"start":{"line":3,"column":22},"end":{"line":3,"column":68}},"3":{"start":{"line":10,"column":4},"end":{"line":20,"column":5}},"4":{"start":{"line":11,"column":25},"end":{"line":11,"column":28}},"5":{"start":{"line":14,"column":22},"end":{"line":14,"column":66}},"6":{"start":{"line":16,"column":8},"end":{"line":16,"column":41}},"7":{"start":{"line":19,"column":8},"end":{"line":19,"column":27}},"8":{"start":{"line":25,"column":4},"end":{"line":30,"column":5}},"9":{"start":{"line":26,"column":25},"end":{"line":26,"column":28}},"10":{"start":{"line":27,"column":8},"end":{"line":27,"column":30}},"11":{"start":{"line":29,"column":8},"end":{"line":29,"column":27}},"12":{"start":{"line":35,"column":25},"end":{"line":35,"column":68}},"13":{"start":{"line":36,"column":4},"end":{"line":36,"column":34}},"14":{"start":{"line":41,"column":19},"end":{"line":41,"column":22}},"15":{"start":{"line":42,"column":24},"end":{"line":42,"column":32}},"16":{"start":{"line":44,"column":4},"end":{"line":44,"column":78}},"17":{"start":{"line":46,"column":4},"end":{"line":46,"column":35}},"18":{"start":{"line":51,"column":19},"end":{"line":51,"column":22}},"19":{"start":{"line":52,"column":20},"end":{"line":52,"column":34}},"20":{"start":{"line":53,"column":4},"end":{"line":53,"column":35}},"21":{"start":{"line":56,"column":0},"end":{"line":62,"column":1}}},"fnMap":{"0":{"name":"showProfile","decl":{"start":{"line":8,"column":15},"end":{"line":8,"column":26}},"loc":{"start":{"line":8,"column":43},"end":{"line":21,"column":1}},"line":8},"1":{"name":"getCurrentUser","decl":{"start":{"line":24,"column":9},"end":{"line":24,"column":23}},"loc":{"start":{"line":24,"column":40},"end":{"line":31,"column":1}},"line":24},"2":{"name":"interestsIndex","decl":{"start":{"line":34,"column":9},"end":{"line":34,"column":23}},"loc":{"start":{"line":34,"column":40},"end":{"line":37,"column":1}},"line":34},"3":{"name":"interestsCreate","decl":{"start":{"line":40,"column":15},"end":{"line":40,"column":30}},"loc":{"start":{"line":40,"column":47},"end":{"line":47,"column":1}},"line":40},"4":{"name":"getUserInterests","decl":{"start":{"line":50,"column":15},"end":{"line":50,"column":31}},"loc":{"start":{"line":50,"column":48},"end":{"line":54,"column":1}},"line":50}},"branchMap":{},"s":{"0":1,"1":1,"2":1,"3":0,"4":0,"5":0,"6":0,"7":0,"8":0,"9":0,"10":0,"11":0,"12":0,"13":0,"14":0,"15":0,"16":0,"17":0,"18":0,"19":0,"20":0,"21":1},"f":{"0":0,"1":0,"2":0,"3":0,"4":0},"b":{},"_coverageSchema":"43e27e138ebf9cfc5966b082cf9a028302ed4184","hash":"b1c89d1bf18f4410ca94b4c1e77570ec968c072a"}
,"/Users/Nat/coder_academy/sailor_mern/backend/database/models/article_model.js": {"path":"/Users/Nat/coder_academy/sailor_mern/backend/database/models/article_model.js","statementMap":{"0":{"start":{"line":1,"column":17},"end":{"line":1,"column":36}},"1":{"start":{"line":2,"column":22},"end":{"line":2,"column":60}},"2":{"start":{"line":4,"column":21},"end":{"line":4,"column":61}},"3":{"start":{"line":6,"column":0},"end":{"line":6,"column":30}}},"fnMap":{},"branchMap":{},"s":{"0":1,"1":1,"2":1,"3":1},"f":{},"b":{},"_coverageSchema":"43e27e138ebf9cfc5966b082cf9a028302ed4184","hash":"c5ac0695d998aaaf99860258ae886763f795c9ce"}
,"/Users/Nat/coder_academy/sailor_mern/backend/database/models/interest_model.js": {"path":"/Users/Nat/coder_academy/sailor_mern/backend/database/models/interest_model.js","statementMap":{"0":{"start":{"line":1,"column":17},"end":{"line":1,"column":36}},"1":{"start":{"line":2,"column":23},"end":{"line":2,"column":62}},"2":{"start":{"line":4,"column":22},"end":{"line":4,"column":64}},"3":{"start":{"line":6,"column":0},"end":{"line":6,"column":31}}},"fnMap":{},"branchMap":{},"s":{"0":1,"1":1,"2":1,"3":1},"f":{},"b":{},"_coverageSchema":"43e27e138ebf9cfc5966b082cf9a028302ed4184","hash":"792e3d7db4a4f9616b2154dc00d5d4c3450e1c33"}
,"/Users/Nat/coder_academy/sailor_mern/backend/database/models/user_model.js": {"path":"/Users/Nat/coder_academy/sailor_mern/backend/database/models/user_model.js","statementMap":{"0":{"start":{"line":1,"column":17},"end":{"line":1,"column":36}},"1":{"start":{"line":2,"column":19},"end":{"line":2,"column":54}},"2":{"start":{"line":4,"column":18},"end":{"line":4,"column":52}},"3":{"start":{"line":6,"column":0},"end":{"line":6,"column":27}}},"fnMap":{},"branchMap":{},"s":{"0":1,"1":1,"2":1,"3":1},"f":{},"b":{},"_coverageSchema":"43e27e138ebf9cfc5966b082cf9a028302ed4184","hash":"e74a662d8ba8e0802ba45cf821244ed14f624c09"}
,"/Users/Nat/coder_academy/sailor_mern/backend/database/schemas/article_schema.js": {"path":"/Users/Nat/coder_academy/sailor_mern/backend/database/schemas/article_schema.js","statementMap":{"0":{"start":{"line":1,"column":17},"end":{"line":1,"column":36}},"1":{"start":{"line":2,"column":22},"end":{"line":2,"column":49}},"2":{"start":{"line":3,"column":15},"end":{"line":3,"column":30}},"3":{"start":{"line":6,"column":22},"end":{"line":37,"column":2}},"4":{"start":{"line":39,"column":0},"end":{"line":39,"column":31}}},"fnMap":{},"branchMap":{},"s":{"0":1,"1":1,"2":1,"3":1,"4":1},"f":{},"b":{},"_coverageSchema":"43e27e138ebf9cfc5966b082cf9a028302ed4184","hash":"e527cfc7143cce5249e4c242102b344a04afcb78"}
,"/Users/Nat/coder_academy/sailor_mern/backend/database/schemas/comment_schema.js": {"path":"/Users/Nat/coder_academy/sailor_mern/backend/database/schemas/comment_schema.js","statementMap":{"0":{"start":{"line":1,"column":17},"end":{"line":1,"column":36}},"1":{"start":{"line":2,"column":15},"end":{"line":2,"column":30}},"2":{"start":{"line":4,"column":22},"end":{"line":20,"column":2}},"3":{"start":{"line":22,"column":0},"end":{"line":22,"column":31}}},"fnMap":{},"branchMap":{},"s":{"0":1,"1":1,"2":1,"3":1},"f":{},"b":{},"_coverageSchema":"43e27e138ebf9cfc5966b082cf9a028302ed4184","hash":"bbcc99e4655443179527edf3aa2ee9f05fd17d68"}
,"/Users/Nat/coder_academy/sailor_mern/backend/database/schemas/interest_schema.js": {"path":"/Users/Nat/coder_academy/sailor_mern/backend/database/schemas/interest_schema.js","statementMap":{"0":{"start":{"line":1,"column":17},"end":{"line":1,"column":36}},"1":{"start":{"line":2,"column":15},"end":{"line":2,"column":30}},"2":{"start":{"line":4,"column":23},"end":{"line":21,"column":2}},"3":{"start":{"line":23,"column":0},"end":{"line":23,"column":32}}},"fnMap":{},"branchMap":{},"s":{"0":1,"1":1,"2":1,"3":1},"f":{},"b":{},"_coverageSchema":"43e27e138ebf9cfc5966b082cf9a028302ed4184","hash":"5044fa8536bb3423a0f41b9b149d12f4aaa72c3b"}
,"/Users/Nat/coder_academy/sailor_mern/backend/database/schemas/notification_schema.js": {"path":"/Users/Nat/coder_academy/sailor_mern/backend/database/schemas/notification_schema.js","statementMap":{"0":{"start":{"line":1,"column":19},"end":{"line":1,"column":38}},"1":{"start":{"line":3,"column":27},"end":{"line":13,"column":2}},"2":{"start":{"line":15,"column":0},"end":{"line":15,"column":36}}},"fnMap":{},"branchMap":{},"s":{"0":1,"1":1,"2":1},"f":{},"b":{},"_coverageSchema":"43e27e138ebf9cfc5966b082cf9a028302ed4184","hash":"ac76a33ca2967401ee2a4ea82bf111942b24ac95"}
,"/Users/Nat/coder_academy/sailor_mern/backend/database/schemas/user_schema.js": {"path":"/Users/Nat/coder_academy/sailor_mern/backend/database/schemas/user_schema.js","statementMap":{"0":{"start":{"line":1,"column":19},"end":{"line":1,"column":38}},"1":{"start":{"line":2,"column":27},"end":{"line":2,"column":59}},"2":{"start":{"line":4,"column":19},"end":{"line":42,"column":2}},"3":{"start":{"line":44,"column":0},"end":{"line":44,"column":46}},"4":{"start":{"line":46,"column":0},"end":{"line":46,"column":28}}},"fnMap":{},"branchMap":{},"s":{"0":1,"1":1,"2":1,"3":1,"4":1},"f":{},"b":{},"_coverageSchema":"43e27e138ebf9cfc5966b082cf9a028302ed4184","hash":"319e42c20511577f0ceb4643395bf777a53e2545"}
,"/Users/Nat/coder_academy/sailor_mern/backend/middleware/authorisation_middleware.js": {"path":"/Users/Nat/coder_academy/sailor_mern/backend/middleware/authorisation_middleware.js","statementMap":{"0":{"start":{"line":2,"column":4},"end":{"line":4,"column":5}},"1":{"start":{"line":3,"column":8},"end":{"line":3,"column":37}},"2":{"start":{"line":5,"column":4},"end":{"line":5,"column":18}},"3":{"start":{"line":10,"column":4},"end":{"line":12,"column":5}},"4":{"start":{"line":11,"column":8},"end":{"line":11,"column":22}},"5":{"start":{"line":13,"column":4},"end":{"line":13,"column":39}},"6":{"start":{"line":18,"column":4},"end":{"line":20,"column":5}},"7":{"start":{"line":19,"column":8},"end":{"line":19,"column":22}},"8":{"start":{"line":21,"column":4},"end":{"line":21,"column":33}},"9":{"start":{"line":25,"column":0},"end":{"line":29,"column":1}}},"fnMap":{"0":{"name":"authRedirect","decl":{"start":{"line":1,"column":9},"end":{"line":1,"column":21}},"loc":{"start":{"line":1,"column":38},"end":{"line":6,"column":1}},"line":1},"1":{"name":"authorise","decl":{"start":{"line":9,"column":9},"end":{"line":9,"column":18}},"loc":{"start":{"line":9,"column":35},"end":{"line":14,"column":1}},"line":9},"2":{"name":"admin_authorise","decl":{"start":{"line":16,"column":9},"end":{"line":16,"column":24}},"loc":{"start":{"line":16,"column":41},"end":{"line":22,"column":1}},"line":16}},"branchMap":{"0":{"loc":{"start":{"line":2,"column":4},"end":{"line":4,"column":5}},"type":"if","locations":[{"start":{"line":2,"column":4},"end":{"line":4,"column":5}},{"start":{"line":2,"column":4},"end":{"line":4,"column":5}}],"line":2},"1":{"loc":{"start":{"line":10,"column":4},"end":{"line":12,"column":5}},"type":"if","locations":[{"start":{"line":10,"column":4},"end":{"line":12,"column":5}},{"start":{"line":10,"column":4},"end":{"line":12,"column":5}}],"line":10},"2":{"loc":{"start":{"line":18,"column":4},"end":{"line":20,"column":5}},"type":"if","locations":[{"start":{"line":18,"column":4},"end":{"line":20,"column":5}},{"start":{"line":18,"column":4},"end":{"line":20,"column":5}}],"line":18}},"s":{"0":0,"1":0,"2":0,"3":0,"4":0,"5":0,"6":0,"7":0,"8":0,"9":1},"f":{"0":0,"1":0,"2":0},"b":{"0":[0,0],"1":[0,0],"2":[0,0]},"_coverageSchema":"43e27e138ebf9cfc5966b082cf9a028302ed4184","hash":"e0f268b53a96c0f19cdb18abd1a8af194ab02ef3"}
,"/Users/Nat/coder_academy/sailor_mern/backend/middleware/error_middleware.js": {"path":"/Users/Nat/coder_academy/sailor_mern/backend/middleware/error_middleware.js","statementMap":{"0":{"start":{"line":1,"column":0},"end":{"line":10,"column":1}},"1":{"start":{"line":2,"column":4},"end":{"line":2,"column":92}},"2":{"start":{"line":3,"column":4},"end":{"line":3,"column":21}},"3":{"start":{"line":5,"column":4},"end":{"line":7,"column":5}},"4":{"start":{"line":6,"column":8},"end":{"line":6,"column":74}},"5":{"start":{"line":9,"column":4},"end":{"line":9,"column":14}}},"fnMap":{"0":{"name":"ValidationError","decl":{"start":{"line":1,"column":26},"end":{"line":1,"column":41}},"loc":{"start":{"line":1,"column":63},"end":{"line":10,"column":1}},"line":1}},"branchMap":{"0":{"loc":{"start":{"line":5,"column":4},"end":{"line":7,"column":5}},"type":"if","locations":[{"start":{"line":5,"column":4},"end":{"line":7,"column":5}},{"start":{"line":5,"column":4},"end":{"line":7,"column":5}}],"line":5},"1":{"loc":{"start":{"line":5,"column":8},"end":{"line":5,"column":53}},"type":"binary-expr","locations":[{"start":{"line":5,"column":8},"end":{"line":5,"column":15}},{"start":{"line":5,"column":19},"end":{"line":5,"column":53}}],"line":5}},"s":{"0":1,"1":0,"2":0,"3":0,"4":0,"5":0},"f":{"0":0},"b":{"0":[0,0],"1":[0,0]},"_coverageSchema":"43e27e138ebf9cfc5966b082cf9a028302ed4184","hash":"ce46e6b46e040a7520b308a7bf23fbb01eb51188"}
,"/Users/Nat/coder_academy/sailor_mern/backend/routes/admin_routes.js": {"path":"/Users/Nat/coder_academy/sailor_mern/backend/routes/admin_routes.js","statementMap":{"0":{"start":{"line":1,"column":16},"end":{"line":1,"column":34}},"1":{"start":{"line":2,"column":15},"end":{"line":2,"column":31}},"2":{"start":{"line":3,"column":24},"end":{"line":3,"column":70}},"3":{"start":{"line":6,"column":0},"end":{"line":6,"column":54}},"4":{"start":{"line":8,"column":0},"end":{"line":8,"column":24}}},"fnMap":{},"branchMap":{},"s":{"0":1,"1":1,"2":1,"3":1,"4":1},"f":{},"b":{},"_coverageSchema":"43e27e138ebf9cfc5966b082cf9a028302ed4184","hash":"07e9a9da0c85a967086c0d9b6ba44baf0f0e8b00"}
,"/Users/Nat/coder_academy/sailor_mern/backend/routes/article_routes.js": {"path":"/Users/Nat/coder_academy/sailor_mern/backend/routes/article_routes.js","statementMap":{"0":{"start":{"line":1,"column":16},"end":{"line":1,"column":34}},"1":{"start":{"line":2,"column":15},"end":{"line":2,"column":31}},"2":{"start":{"line":3,"column":24},"end":{"line":3,"column":70}},"3":{"start":{"line":4,"column":24},"end":{"line":4,"column":70}},"4":{"start":{"line":5,"column":22},"end":{"line":5,"column":66}},"5":{"start":{"line":6,"column":27},"end":{"line":6,"column":47}},"6":{"start":{"line":9,"column":0},"end":{"line":9,"column":43}},"7":{"start":{"line":12,"column":0},"end":{"line":12,"column":59}},"8":{"start":{"line":15,"column":0},"end":{"line":15,"column":75}},"9":{"start":{"line":18,"column":0},"end":{"line":18,"column":79}},"10":{"start":{"line":21,"column":0},"end":{"line":21,"column":57}},"11":{"start":{"line":22,"column":0},"end":{"line":22,"column":56}},"12":{"start":{"line":23,"column":0},"end":{"line":23,"column":58}},"13":{"start":{"line":25,"column":0},"end":{"line":25,"column":24}}},"fnMap":{},"branchMap":{},"s":{"0":1,"1":1,"2":1,"3":1,"4":1,"5":1,"6":1,"7":1,"8":1,"9":1,"10":1,"11":1,"12":1,"13":1},"f":{},"b":{},"_coverageSchema":"43e27e138ebf9cfc5966b082cf9a028302ed4184","hash":"ce1d3283238f2933b15f45074ae5391a814f9e44"}
,"/Users/Nat/coder_academy/sailor_mern/backend/routes/auth_routes.js": {"path":"/Users/Nat/coder_academy/sailor_mern/backend/routes/auth_routes.js","statementMap":{"0":{"start":{"line":1,"column":16},"end":{"line":1,"column":34}},"1":{"start":{"line":2,"column":27},"end":{"line":2,"column":47}},"2":{"start":{"line":3,"column":17},"end":{"line":3,"column":36}},"3":{"start":{"line":4,"column":15},"end":{"line":4,"column":31}},"4":{"start":{"line":5,"column":23},"end":{"line":5,"column":66}},"5":{"start":{"line":8,"column":0},"end":{"line":16,"column":35}},"6":{"start":{"line":19,"column":0},"end":{"line":28,"column":2}},"7":{"start":{"line":31,"column":0},"end":{"line":31,"column":84}},"8":{"start":{"line":33,"column":0},"end":{"line":38,"column":2}},"9":{"start":{"line":40,"column":0},"end":{"line":40,"column":24}}},"fnMap":{},"branchMap":{},"s":{"0":1,"1":1,"2":1,"3":1,"4":1,"5":1,"6":1,"7":1,"8":1,"9":1},"f":{},"b":{},"_coverageSchema":"43e27e138ebf9cfc5966b082cf9a028302ed4184","hash":"727fc03a3d905f5bcbac2113155b562cf367de20"}
,"/Users/Nat/coder_academy/sailor_mern/backend/routes/feed_routes.js": {"path":"/Users/Nat/coder_academy/sailor_mern/backend/routes/feed_routes.js","statementMap":{"0":{"start":{"line":1,"column":16},"end":{"line":1,"column":34}},"1":{"start":{"line":2,"column":15},"end":{"line":2,"column":31}},"2":{"start":{"line":3,"column":17},"end":{"line":3,"column":36}},"3":{"start":{"line":4,"column":36},"end":{"line":4,"column":87}},"4":{"start":{"line":5,"column":23},"end":{"line":5,"column":66}},"5":{"start":{"line":9,"column":0},"end":{"line":9,"column":38}},"6":{"start":{"line":12,"column":0},"end":{"line":12,"column":64}},"7":{"start":{"line":15,"column":0},"end":{"line":15,"column":24}}},"fnMap":{},"branchMap":{},"s":{"0":1,"1":1,"2":1,"3":1,"4":1,"5":1,"6":1,"7":1},"f":{},"b":{},"_coverageSchema":"43e27e138ebf9cfc5966b082cf9a028302ed4184","hash":"70f8eebaf27ef8813881cd8e867ec61252839bc2"}
,"/Users/Nat/coder_academy/sailor_mern/backend/routes/index.js": {"path":"/Users/Nat/coder_academy/sailor_mern/backend/routes/index.js","statementMap":{"0":{"start":{"line":1,"column":16},"end":{"line":1,"column":34}},"1":{"start":{"line":2,"column":15},"end":{"line":2,"column":31}},"2":{"start":{"line":3,"column":19},"end":{"line":3,"column":43}},"3":{"start":{"line":4,"column":19},"end":{"line":4,"column":43}},"4":{"start":{"line":5,"column":19},"end":{"line":5,"column":43}},"5":{"start":{"line":6,"column":20},"end":{"line":6,"column":45}},"6":{"start":{"line":7,"column":22},"end":{"line":7,"column":49}},"7":{"start":{"line":8,"column":30},"end":{"line":8,"column":81}},"8":{"start":{"line":9,"column":17},"end":{"line":9,"column":36}},"9":{"start":{"line":11,"column":0},"end":{"line":11,"column":51}},"10":{"start":{"line":11,"column":30},"end":{"line":11,"column":49}},"11":{"start":{"line":12,"column":0},"end":{"line":12,"column":56}},"12":{"start":{"line":12,"column":35},"end":{"line":12,"column":54}},"13":{"start":{"line":15,"column":0},"end":{"line":15,"column":32}},"14":{"start":{"line":18,"column":0},"end":{"line":18,"column":82}},"15":{"start":{"line":21,"column":0},"end":{"line":21,"column":80}},"16":{"start":{"line":26,"column":0},"end":{"line":26,"column":86}},"17":{"start":{"line":30,"column":0},"end":{"line":30,"column":98}},"18":{"start":{"line":33,"column":0},"end":{"line":33,"column":24}}},"fnMap":{"0":{"name":"(anonymous_0)","decl":{"start":{"line":11,"column":16},"end":{"line":11,"column":17}},"loc":{"start":{"line":11,"column":30},"end":{"line":11,"column":49}},"line":11},"1":{"name":"(anonymous_1)","decl":{"start":{"line":12,"column":21},"end":{"line":12,"column":22}},"loc":{"start":{"line":12,"column":35},"end":{"line":12,"column":54}},"line":12}},"branchMap":{},"s":{"0":1,"1":1,"2":1,"3":1,"4":1,"5":1,"6":1,"7":1,"8":1,"9":1,"10":0,"11":1,"12":0,"13":1,"14":1,"15":1,"16":1,"17":1,"18":1},"f":{"0":0,"1":0},"b":{},"_coverageSchema":"43e27e138ebf9cfc5966b082cf9a028302ed4184","hash":"31d8cdccd0d489da285a20d5925fdaa5f30cc041"}
,"/Users/Nat/coder_academy/sailor_mern/backend/routes/user_routes.js": {"path":"/Users/Nat/coder_academy/sailor_mern/backend/routes/user_routes.js","statementMap":{"0":{"start":{"line":1,"column":16},"end":{"line":1,"column":34}},"1":{"start":{"line":2,"column":15},"end":{"line":2,"column":31}},"2":{"start":{"line":3,"column":23},"end":{"line":3,"column":66}},"3":{"start":{"line":4,"column":31},"end":{"line":4,"column":82}},"4":{"start":{"line":7,"column":0},"end":{"line":7,"column":58}},"5":{"start":{"line":10,"column":0},"end":{"line":10,"column":60}},"6":{"start":{"line":12,"column":0},"end":{"line":12,"column":58}},"7":{"start":{"line":20,"column":0},"end":{"line":20,"column":51}},"8":{"start":{"line":25,"column":0},"end":{"line":25,"column":79}},"9":{"start":{"line":25,"column":36},"end":{"line":25,"column":77}},"10":{"start":{"line":27,"column":0},"end":{"line":27,"column":47}},"11":{"start":{"line":30,"column":0},"end":{"line":30,"column":59}},"12":{"start":{"line":31,"column":0},"end":{"line":31,"column":77}},"13":{"start":{"line":34,"column":0},"end":{"line":34,"column":24}}},"fnMap":{"0":{"name":"(anonymous_0)","decl":{"start":{"line":25,"column":22},"end":{"line":25,"column":23}},"loc":{"start":{"line":25,"column":36},"end":{"line":25,"column":77}},"line":25}},"branchMap":{},"s":{"0":1,"1":1,"2":1,"3":1,"4":1,"5":1,"6":1,"7":1,"8":1,"9":0,"10":1,"11":1,"12":1,"13":1},"f":{"0":0},"b":{},"_coverageSchema":"43e27e138ebf9cfc5966b082cf9a028302ed4184","hash":"4b23ed6ef9094b539ab455af2dc20f96888173a9"}
,"/Users/Nat/coder_academy/sailor_mern/backend/services/jwt_service.js": {"path":"/Users/Nat/coder_academy/sailor_mern/backend/services/jwt_service.js","statementMap":{"0":{"start":{"line":1,"column":12},"end":{"line":1,"column":35}},"1":{"start":{"line":2,"column":0},"end":{"line":2,"column":27}},"2":{"start":{"line":3,"column":15},"end":{"line":3,"column":19}},"3":{"start":{"line":6,"column":18},"end":{"line":15,"column":5}},"4":{"start":{"line":17,"column":4},"end":{"line":17,"column":17}},"5":{"start":{"line":20,"column":0},"end":{"line":22,"column":1}}},"fnMap":{"0":{"name":"generateToken","decl":{"start":{"line":5,"column":9},"end":{"line":5,"column":22}},"loc":{"start":{"line":5,"column":29},"end":{"line":18,"column":1}},"line":5}},"branchMap":{},"s":{"0":1,"1":1,"2":1,"3":0,"4":0,"5":1},"f":{"0":0},"b":{},"_coverageSchema":"43e27e138ebf9cfc5966b082cf9a028302ed4184","hash":"c2a64fc49c7b288b46ea5d66e550a9c5203ad50c"}
,"/Users/Nat/coder_academy/sailor_mern/backend/services/rss_cron.js": {"path":"/Users/Nat/coder_academy/sailor_mern/backend/services/rss_cron.js","statementMap":{"0":{"start":{"line":1,"column":20},"end":{"line":1,"column":35}},"1":{"start":{"line":2,"column":19},"end":{"line":2,"column":55}},"2":{"start":{"line":4,"column":14},"end":{"line":8,"column":1}},"3":{"start":{"line":11,"column":0},"end":{"line":11,"column":49}},"4":{"start":{"line":11,"column":22},"end":{"line":11,"column":47}},"5":{"start":{"line":15,"column":12},"end":{"line":20,"column":2}},"6":{"start":{"line":16,"column":2},"end":{"line":16,"column":40}},"7":{"start":{"line":17,"column":2},"end":{"line":17,"column":51}},"8":{"start":{"line":17,"column":24},"end":{"line":17,"column":49}},"9":{"start":{"line":18,"column":12},"end":{"line":18,"column":22}},"10":{"start":{"line":19,"column":2},"end":{"line":19,"column":47}},"11":{"start":{"line":22,"column":0},"end":{"line":22,"column":12}}},"fnMap":{"0":{"name":"(anonymous_0)","decl":{"start":{"line":11,"column":14},"end":{"line":11,"column":15}},"loc":{"start":{"line":11,"column":22},"end":{"line":11,"column":47}},"line":11},"1":{"name":"(anonymous_1)","decl":{"start":{"line":15,"column":41},"end":{"line":15,"column":42}},"loc":{"start":{"line":15,"column":52},"end":{"line":20,"column":1}},"line":15},"2":{"name":"(anonymous_2)","decl":{"start":{"line":17,"column":16},"end":{"line":17,"column":17}},"loc":{"start":{"line":17,"column":24},"end":{"line":17,"column":49}},"line":17}},"branchMap":{},"s":{"0":1,"1":1,"2":1,"3":1,"4":3,"5":1,"6":0,"7":0,"8":0,"9":0,"10":0,"11":1},"f":{"0":3,"1":0,"2":0},"b":{},"_coverageSchema":"43e27e138ebf9cfc5966b082cf9a028302ed4184","hash":"840a93a140ffc7f39ffb28088cec78bc929037e6"}
,"/Users/Nat/coder_academy/sailor_mern/backend/services/rss_service.js": {"path":"/Users/Nat/coder_academy/sailor_mern/backend/services/rss_service.js","statementMap":{"0":{"start":{"line":1,"column":15},"end":{"line":1,"column":36}},"1":{"start":{"line":2,"column":15},"end":{"line":2,"column":27}},"2":{"start":{"line":3,"column":21},"end":{"line":3,"column":66}},"3":{"start":{"line":4,"column":22},"end":{"line":4,"column":68}},"4":{"start":{"line":5,"column":40},"end":{"line":5,"column":65}},"5":{"start":{"line":9,"column":25},"end":{"line":9,"column":68}},"6":{"start":{"line":10,"column":25},"end":{"line":10,"column":58}},"7":{"start":{"line":11,"column":26},"end":{"line":11,"column":28}},"8":{"start":{"line":13,"column":4},"end":{"line":18,"column":5}},"9":{"start":{"line":13,"column":16},"end":{"line":13,"column":17}},"10":{"start":{"line":14,"column":23},"end":{"line":14,"column":82}},"11":{"start":{"line":15,"column":8},"end":{"line":17,"column":9}},"12":{"start":{"line":16,"column":12},"end":{"line":16,"column":43}},"13":{"start":{"line":20,"column":4},"end":{"line":20,"column":27}},"14":{"start":{"line":25,"column":15},"end":{"line":25,"column":41}},"15":{"start":{"line":26,"column":4},"end":{"line":59,"column":6}},"16":{"start":{"line":27,"column":27},"end":{"line":27,"column":36}},"17":{"start":{"line":29,"column":20},"end":{"line":29,"column":53}},"18":{"start":{"line":30,"column":20},"end":{"line":30,"column":25}},"19":{"start":{"line":31,"column":8},"end":{"line":33,"column":9}},"20":{"start":{"line":32,"column":12},"end":{"line":32,"column":25}},"21":{"start":{"line":35,"column":8},"end":{"line":57,"column":9}},"22":{"start":{"line":36,"column":28},"end":{"line":36,"column":69}},"23":{"start":{"line":37,"column":12},"end":{"line":48,"column":14}},"24":{"start":{"line":50,"column":12},"end":{"line":56,"column":13}},"25":{"start":{"line":51,"column":16},"end":{"line":51,"column":84}},"26":{"start":{"line":52,"column":19},"end":{"line":56,"column":13}},"27":{"start":{"line":53,"column":16},"end":{"line":53,"column":96}},"28":{"start":{"line":55,"column":16},"end":{"line":55,"column":47}},"29":{"start":{"line":58,"column":8},"end":{"line":58,"column":22}},"30":{"start":{"line":61,"column":4},"end":{"line":61,"column":57}},"31":{"start":{"line":66,"column":4},"end":{"line":72,"column":11}},"32":{"start":{"line":68,"column":12},"end":{"line":68,"column":27}},"33":{"start":{"line":71,"column":8},"end":{"line":71,"column":27}},"34":{"start":{"line":77,"column":4},"end":{"line":83,"column":11}},"35":{"start":{"line":79,"column":12},"end":{"line":79,"column":27}},"36":{"start":{"line":82,"column":12},"end":{"line":82,"column":31}},"37":{"start":{"line":87,"column":0},"end":{"line":90,"column":1}}},"fnMap":{"0":{"name":"generateRandomInterests","decl":{"start":{"line":8,"column":9},"end":{"line":8,"column":32}},"loc":{"start":{"line":8,"column":35},"end":{"line":21,"column":1}},"line":8},"1":{"name":"fetchRSS","decl":{"start":{"line":24,"column":15},"end":{"line":24,"column":23}},"loc":{"start":{"line":24,"column":29},"end":{"line":62,"column":1}},"line":24},"2":{"name":"(anonymous_2)","decl":{"start":{"line":26,"column":23},"end":{"line":26,"column":24}},"loc":{"start":{"line":26,"column":37},"end":{"line":59,"column":5}},"line":26},"3":{"name":"fetchArticleBodyEmbedly","decl":{"start":{"line":65,"column":9},"end":{"line":65,"column":32}},"loc":{"start":{"line":65,"column":38},"end":{"line":73,"column":1}},"line":65},"4":{"name":"(anonymous_4)","decl":{"start":{"line":67,"column":14},"end":{"line":67,"column":15}},"loc":{"start":{"line":67,"column":27},"end":{"line":69,"column":9}},"line":67},"5":{"name":"(anonymous_5)","decl":{"start":{"line":70,"column":15},"end":{"line":70,"column":16}},"loc":{"start":{"line":70,"column":26},"end":{"line":72,"column":9}},"line":70},"6":{"name":"fetchArticleBodyExtract","decl":{"start":{"line":76,"column":9},"end":{"line":76,"column":32}},"loc":{"start":{"line":76,"column":38},"end":{"line":84,"column":1}},"line":76},"7":{"name":"(anonymous_7)","decl":{"start":{"line":78,"column":14},"end":{"line":78,"column":15}},"loc":{"start":{"line":78,"column":27},"end":{"line":80,"column":9}},"line":78},"8":{"name":"(anonymous_8)","decl":{"start":{"line":81,"column":15},"end":{"line":81,"column":16}},"loc":{"start":{"line":81,"column":26},"end":{"line":83,"column":9}},"line":81}},"branchMap":{"0":{"loc":{"start":{"line":15,"column":8},"end":{"line":17,"column":9}},"type":"if","locations":[{"start":{"line":15,"column":8},"end":{"line":17,"column":9}},{"start":{"line":15,"column":8},"end":{"line":17,"column":9}}],"line":15},"1":{"loc":{"start":{"line":31,"column":8},"end":{"line":33,"column":9}},"type":"if","locations":[{"start":{"line":31,"column":8},"end":{"line":33,"column":9}},{"start":{"line":31,"column":8},"end":{"line":33,"column":9}}],"line":31},"2":{"loc":{"start":{"line":44,"column":27},"end":{"line":44,"column":69}},"type":"cond-expr","locations":[{"start":{"line":44,"column":35},"end":{"line":44,"column":53}},{"start":{"line":44,"column":56},"end":{"line":44,"column":69}}],"line":44},"3":{"loc":{"start":{"line":46,"column":30},"end":{"line":46,"column":79}},"type":"cond-expr","locations":[{"start":{"line":46,"column":38},"end":{"line":46,"column":61}},{"start":{"line":46,"column":64},"end":{"line":46,"column":79}}],"line":46},"4":{"loc":{"start":{"line":50,"column":12},"end":{"line":56,"column":13}},"type":"if","locations":[{"start":{"line":50,"column":12},"end":{"line":56,"column":13}},{"start":{"line":50,"column":12},"end":{"line":56,"column":13}}],"line":50},"5":{"loc":{"start":{"line":52,"column":19},"end":{"line":56,"column":13}},"type":"if","locations":[{"start":{"line":52,"column":19},"end":{"line":56,"column":13}},{"start":{"line":52,"column":19},"end":{"line":56,"column":13}}],"line":52}},"s":{"0":1,"1":1,"2":1,"3":1,"4":1,"5":0,"6":0,"7":0,"8":0,"9":0,"10":0,"11":0,"12":0,"13":0,"14":3,"15":0,"16":0,"17":0,"18":0,"19":0,"20":0,"21":0,"22":0,"23":0,"24":0,"25":0,"26":0,"27":0,"28":0,"29":0,"30":0,"31":0,"32":0,"33":0,"34":0,"35":0,"36":0,"37":1},"f":{"0":0,"1":3,"2":0,"3":0,"4":0,"5":0,"6":0,"7":0,"8":0},"b":{"0":[0,0],"1":[0,0],"2":[0,0],"3":[0,0],"4":[0,0],"5":[0,0]},"_coverageSchema":"43e27e138ebf9cfc5966b082cf9a028302ed4184","hash":"f92e883a45b31e47cdcf0784b037d8b0c75aa443"}
,"/Users/Nat/coder_academy/sailor_mern/backend/services/seed_service.js": {"path":"/Users/Nat/coder_academy/sailor_mern/backend/services/seed_service.js","statementMap":{"0":{"start":{"line":1,"column":18},"end":{"line":1,"column":60}},"1":{"start":{"line":2,"column":14},"end":{"line":2,"column":30}},"2":{"start":{"line":5,"column":26},"end":{"line":5,"column":28}},"3":{"start":{"line":8,"column":4},"end":{"line":14,"column":7}},"4":{"start":{"line":17,"column":0},"end":{"line":20,"column":1}},"5":{"start":{"line":17,"column":12},"end":{"line":17,"column":13}},"6":{"start":{"line":18,"column":4},"end":{"line":18,"column":46}},"7":{"start":{"line":19,"column":4},"end":{"line":19,"column":38}},"8":{"start":{"line":22,"column":25},"end":{"line":22,"column":27}},"9":{"start":{"line":25,"column":4},"end":{"line":31,"column":7}},"10":{"start":{"line":34,"column":0},"end":{"line":37,"column":1}},"11":{"start":{"line":34,"column":12},"end":{"line":34,"column":13}},"12":{"start":{"line":35,"column":4},"end":{"line":35,"column":44}},"13":{"start":{"line":36,"column":4},"end":{"line":36,"column":37}},"14":{"start":{"line":40,"column":0},"end":{"line":50,"column":7}},"15":{"start":{"line":42,"column":8},"end":{"line":42,"column":81}},"16":{"start":{"line":45,"column":8},"end":{"line":49,"column":9}},"17":{"start":{"line":46,"column":12},"end":{"line":46,"column":64}},"18":{"start":{"line":48,"column":12},"end":{"line":48,"column":61}}},"fnMap":{"0":{"name":"setUpAdminUser","decl":{"start":{"line":6,"column":9},"end":{"line":6,"column":23}},"loc":{"start":{"line":6,"column":27},"end":{"line":15,"column":1}},"line":6},"1":{"name":"setUpTestUser","decl":{"start":{"line":23,"column":9},"end":{"line":23,"column":22}},"loc":{"start":{"line":23,"column":26},"end":{"line":32,"column":1}},"line":23},"2":{"name":"(anonymous_2)","decl":{"start":{"line":41,"column":10},"end":{"line":41,"column":11}},"loc":{"start":{"line":41,"column":18},"end":{"line":43,"column":5}},"line":41},"3":{"name":"(anonymous_3)","decl":{"start":{"line":44,"column":11},"end":{"line":44,"column":12}},"loc":{"start":{"line":44,"column":20},"end":{"line":50,"column":5}},"line":44}},"branchMap":{"0":{"loc":{"start":{"line":45,"column":8},"end":{"line":49,"column":9}},"type":"if","locations":[{"start":{"line":45,"column":8},"end":{"line":49,"column":9}},{"start":{"line":45,"column":8},"end":{"line":49,"column":9}}],"line":45}},"s":{"0":1,"1":1,"2":1,"3":2,"4":1,"5":1,"6":2,"7":2,"8":1,"9":10,"10":1,"11":1,"12":10,"13":10,"14":1,"15":0,"16":1,"17":1,"18":0},"f":{"0":2,"1":10,"2":0,"3":1},"b":{"0":[1,0]},"_coverageSchema":"43e27e138ebf9cfc5966b082cf9a028302ed4184","hash":"00dc18fd39b314d4509b1560b088df7c15e82905"}
}
