TN:
SF:/Users/Nat/coder_academy/sailor_mern/backend/app.js
FNF:0
FNH:0
DA:1,1
DA:2,1
DA:3,1
DA:4,1
DA:5,1
DA:6,1
DA:7,1
DA:8,1
DA:9,1
DA:10,1
DA:11,1
DA:17,1
DA:19,1
DA:29,1
DA:31,1
DA:32,1
DA:34,1
DA:35,1
DA:36,1
DA:38,1
DA:40,1
DA:42,1
DA:44,1
DA:46,1
DA:48,1
DA:50,1
DA:52,1
LF:27
LH:27
BRF:0
BRH:0
end_of_record
TN:
SF:/Users/Nat/coder_academy/sailor_mern/backend/config/passport.js
FN:8,(anonymous_0)
FN:15,(anonymous_1)
FN:27,(anonymous_2)
FN:46,(anonymous_3)
FN:67,(anonymous_4)
FNF:5
FNH:0
FNDA:0,(anonymous_0)
FNDA:0,(anonymous_1)
FNDA:0,(anonymous_2)
FNDA:0,(anonymous_3)
FNDA:0,(anonymous_4)
DA:1,1
DA:2,1
DA:3,1
DA:4,1
DA:5,1
DA:8,1
DA:9,0
DA:15,1
DA:16,0
DA:17,0
DA:18,0
DA:20,0
DA:24,1
DA:29,0
DA:33,0
DA:34,0
DA:37,0
DA:41,1
DA:47,0
DA:48,0
DA:50,0
DA:51,0
DA:54,0
DA:56,0
DA:61,1
DA:71,0
DA:72,0
DA:73,0
DA:74,0
DA:75,0
DA:81,0
DA:84,0
DA:85,0
DA:89,0
DA:91,0
LF:35
LH:10
BRDA:33,0,0,0
BRDA:33,0,1,0
BRDA:33,1,0,0
BRDA:33,1,1,0
BRDA:50,2,0,0
BRDA:50,2,1,0
BRDA:84,3,0,0
BRDA:84,3,1,0
BRF:8
BRH:0
end_of_record
TN:
SF:/Users/Nat/coder_academy/sailor_mern/backend/controllers/article_controller.js
FN:7,show
FN:15,create
FNF:2
FNH:0
FNDA:0,show
FNDA:0,create
DA:1,1
DA:2,1
DA:3,1
DA:4,1
DA:8,0
DA:10,0
DA:11,0
DA:16,0
DA:18,0
DA:19,0
DA:20,0
DA:32,0
DA:33,0
DA:35,0
DA:36,0
DA:37,0
DA:41,1
LF:17
LH:5
BRDA:21,0,0,0
BRDA:21,0,1,0
BRF:2
BRH:0
end_of_record
TN:
SF:/Users/Nat/coder_academy/sailor_mern/backend/controllers/auth_controller.js
FN:6,registerCreate
FN:12,(anonymous_1)
FN:26,loginCreate
FN:37,loginOAuthCreate
FNF:4
FNH:1
FNDA:1,registerCreate
FNDA:0,(anonymous_1)
FNDA:0,loginCreate
FNDA:0,loginOAuthCreate
DA:1,1
DA:2,1
DA:8,1
DA:10,1
DA:12,0
DA:13,0
DA:14,0
DA:20,0
DA:21,0
DA:29,0
DA:32,0
DA:33,0
DA:40,0
DA:43,0
DA:44,0
DA:49,1
LF:16
LH:5
BRDA:8,0,0,0
BRDA:13,1,0,0
BRDA:13,1,1,0
BRF:3
BRH:0
end_of_record
TN:
SF:/Users/Nat/coder_academy/sailor_mern/backend/controllers/comment_controller.js
FN:5,index
FN:13,(anonymous_1)
FN:24,createComment
FN:45,(anonymous_3)
FN:47,(anonymous_4)
FN:58,destroyComment
FNF:6
FNH:0
FNDA:0,index
FNDA:0,(anonymous_1)
FNDA:0,createComment
FNDA:0,(anonymous_3)
FNDA:0,(anonymous_4)
FNDA:0,destroyComment
DA:1,1
DA:2,1
DA:6,0
DA:8,0
DA:11,0
DA:12,0
DA:13,0
DA:14,0
DA:15,0
DA:16,0
DA:17,0
DA:20,0
DA:26,0
DA:27,0
DA:30,0
DA:31,0
DA:32,0
DA:36,0
DA:45,0
DA:46,0
DA:48,0
DA:49,0
DA:50,0
DA:55,0
DA:59,0
DA:60,0
DA:63,0
DA:64,0
DA:67,0
DA:68,0
DA:69,0
DA:70,0
DA:73,0
DA:76,1
LF:34
LH:3
BRDA:48,0,0,0
BRDA:48,0,1,0
BRDA:68,1,0,0
BRDA:68,1,1,0
BRF:4
BRH:0
end_of_record
TN:
SF:/Users/Nat/coder_academy/sailor_mern/backend/controllers/feed_controller.js
FN:4,index
FN:41,(anonymous_1)
FN:42,(anonymous_2)
FN:57,showArticlesByInterest
FNF:4
FNH:0
FNDA:0,index
FNDA:0,(anonymous_1)
FNDA:0,(anonymous_2)
FNDA:0,showArticlesByInterest
DA:1,1
DA:5,0
DA:6,0
DA:8,0
DA:9,0
DA:12,0
DA:28,0
DA:30,0
DA:31,0
DA:33,0
DA:34,0
DA:35,0
DA:36,0
DA:41,0
DA:42,0
DA:43,0
DA:44,0
DA:46,0
DA:48,0
DA:49,0
DA:51,0
DA:54,0
DA:58,0
DA:59,0
DA:60,0
DA:62,0
DA:66,1
LF:27
LH:2
BRDA:8,0,0,0
BRDA:8,0,1,0
BRDA:30,1,0,0
BRDA:30,1,1,0
BRDA:35,2,0,0
BRDA:35,2,1,0
BRDA:43,3,0,0
BRDA:43,3,1,0
BRDA:43,4,0,0
BRDA:43,4,1,0
BRDA:43,4,2,0
BRDA:43,4,3,0
BRDA:43,4,4,0
BRDA:48,5,0,0
BRDA:48,5,1,0
BRDA:48,6,0,0
BRDA:48,6,1,0
BRDA:48,6,2,0
BRF:18
BRH:0
end_of_record
TN:
SF:/Users/Nat/coder_academy/sailor_mern/backend/controllers/likes_controller.js
FN:4,update
FNF:1
FNH:0
FNDA:0,update
DA:1,1
DA:5,0
DA:6,0
DA:9,0
DA:10,0
DA:13,0
DA:15,0
DA:16,0
DA:17,0
DA:18,0
DA:22,0
DA:25,0
DA:29,0
DA:30,0
DA:33,0
DA:37,0
DA:43,1
LF:17
LH:2
BRDA:13,0,0,0
BRDA:13,0,1,0
BRDA:16,1,0,0
BRDA:16,1,1,0
BRF:4
BRH:0
end_of_record
TN:
SF:/Users/Nat/coder_academy/sailor_mern/backend/controllers/notification_controller.js
FN:3,index
FN:13,(anonymous_1)
FN:36,showAndDelete
FNF:3
FNH:0
FNDA:0,index
FNDA:0,(anonymous_1)
FNDA:0,showAndDelete
DA:1,1
DA:5,0
DA:7,0
DA:9,0
DA:10,0
DA:13,0
DA:14,0
DA:15,0
DA:16,0
DA:17,0
DA:18,0
DA:19,0
DA:26,0
DA:27,0
DA:30,0
DA:33,0
DA:38,0
DA:42,0
DA:43,0
DA:44,0
DA:45,0
DA:48,0
DA:49,0
DA:50,0
DA:53,0
DA:54,0
DA:57,0
DA:58,0
DA:59,0
DA:62,0
DA:69,1
LF:31
LH:2
BRDA:26,0,0,0
BRDA:26,0,1,0
BRF:2
BRH:0
end_of_record
TN:
SF:/Users/Nat/coder_academy/sailor_mern/backend/controllers/user_controller.js
FN:8,showProfile
FN:24,getCurrentUser
FN:34,interestsIndex
FN:40,interestsCreate
FN:50,getUserInterests
FNF:5
FNH:0
FNDA:0,showProfile
FNDA:0,getCurrentUser
FNDA:0,interestsIndex
FNDA:0,interestsCreate
FNDA:0,getUserInterests
DA:1,1
DA:2,1
DA:3,1
DA:10,0
DA:11,0
DA:14,0
DA:16,0
DA:19,0
DA:25,0
DA:26,0
DA:27,0
DA:29,0
DA:35,0
DA:36,0
DA:41,0
DA:42,0
DA:44,0
DA:46,0
DA:51,0
DA:52,0
DA:53,0
DA:56,1
LF:22
LH:4
BRF:0
BRH:0
end_of_record
TN:
SF:/Users/Nat/coder_academy/sailor_mern/backend/database/models/article_model.js
FNF:0
FNH:0
DA:1,1
DA:2,1
DA:4,1
DA:6,1
LF:4
LH:4
BRF:0
BRH:0
end_of_record
TN:
SF:/Users/Nat/coder_academy/sailor_mern/backend/database/models/interest_model.js
FNF:0
FNH:0
DA:1,1
DA:2,1
DA:4,1
DA:6,1
LF:4
LH:4
BRF:0
BRH:0
end_of_record
TN:
SF:/Users/Nat/coder_academy/sailor_mern/backend/database/models/user_model.js
FNF:0
FNH:0
DA:1,1
DA:2,1
DA:4,1
DA:6,1
LF:4
LH:4
BRF:0
BRH:0
end_of_record
TN:
SF:/Users/Nat/coder_academy/sailor_mern/backend/database/schemas/article_schema.js
FNF:0
FNH:0
DA:1,1
DA:2,1
DA:3,1
DA:6,1
DA:39,1
LF:5
LH:5
BRF:0
BRH:0
end_of_record
TN:
SF:/Users/Nat/coder_academy/sailor_mern/backend/database/schemas/comment_schema.js
FNF:0
FNH:0
DA:1,1
DA:2,1
DA:4,1
DA:22,1
LF:4
LH:4
BRF:0
BRH:0
end_of_record
TN:
SF:/Users/Nat/coder_academy/sailor_mern/backend/database/schemas/interest_schema.js
FNF:0
FNH:0
DA:1,1
DA:2,1
DA:4,1
DA:23,1
LF:4
LH:4
BRF:0
BRH:0
end_of_record
TN:
SF:/Users/Nat/coder_academy/sailor_mern/backend/database/schemas/notification_schema.js
FNF:0
FNH:0
DA:1,1
DA:3,1
DA:15,1
LF:3
LH:3
BRF:0
BRH:0
end_of_record
TN:
SF:/Users/Nat/coder_academy/sailor_mern/backend/database/schemas/user_schema.js
FNF:0
FNH:0
DA:1,1
DA:2,1
DA:4,1
DA:44,1
DA:46,1
LF:5
LH:5
BRF:0
BRH:0
end_of_record
TN:
SF:/Users/Nat/coder_academy/sailor_mern/backend/middleware/authorisation_middleware.js
FN:1,authRedirect
FN:9,authorise
FN:16,admin_authorise
FNF:3
FNH:0
FNDA:0,authRedirect
FNDA:0,authorise
FNDA:0,admin_authorise
DA:2,0
DA:3,0
DA:5,0
DA:10,0
DA:11,0
DA:13,0
DA:18,0
DA:19,0
DA:21,0
DA:25,1
LF:10
LH:1
BRDA:2,0,0,0
BRDA:2,0,1,0
BRDA:10,1,0,0
BRDA:10,1,1,0
BRDA:18,2,0,0
BRDA:18,2,1,0
BRF:6
BRH:0
end_of_record
TN:
SF:/Users/Nat/coder_academy/sailor_mern/backend/middleware/error_middleware.js
FN:1,ValidationError
FNF:1
FNH:0
FNDA:0,ValidationError
DA:1,1
DA:2,0
DA:3,0
DA:5,0
DA:6,0
DA:9,0
LF:6
LH:1
BRDA:5,0,0,0
BRDA:5,0,1,0
BRDA:5,1,0,0
BRDA:5,1,1,0
BRF:4
BRH:0
end_of_record
TN:
SF:/Users/Nat/coder_academy/sailor_mern/backend/routes/admin_routes.js
FNF:0
FNH:0
DA:1,1
DA:2,1
DA:3,1
DA:6,1
DA:8,1
LF:5
LH:5
BRF:0
BRH:0
end_of_record
TN:
SF:/Users/Nat/coder_academy/sailor_mern/backend/routes/article_routes.js
FNF:0
FNH:0
DA:1,1
DA:2,1
DA:3,1
DA:4,1
DA:5,1
DA:6,1
DA:9,1
DA:12,1
DA:15,1
DA:18,1
DA:21,1
DA:22,1
DA:23,1
DA:25,1
LF:14
LH:14
BRF:0
BRH:0
end_of_record
TN:
SF:/Users/Nat/coder_academy/sailor_mern/backend/routes/auth_routes.js
FNF:0
FNH:0
DA:1,1
DA:2,1
DA:3,1
DA:4,1
DA:5,1
DA:8,1
DA:19,1
DA:31,1
DA:33,1
DA:40,1
LF:10
LH:10
BRF:0
BRH:0
end_of_record
TN:
SF:/Users/Nat/coder_academy/sailor_mern/backend/routes/feed_routes.js
FNF:0
FNH:0
DA:1,1
DA:2,1
DA:3,1
DA:4,1
DA:5,1
DA:9,1
DA:12,1
DA:15,1
LF:8
LH:8
BRF:0
BRH:0
end_of_record
TN:
SF:/Users/Nat/coder_academy/sailor_mern/backend/routes/index.js
FN:11,(anonymous_0)
FN:12,(anonymous_1)
FNF:2
FNH:0
FNDA:0,(anonymous_0)
FNDA:0,(anonymous_1)
DA:1,1
DA:2,1
DA:3,1
DA:4,1
DA:5,1
DA:6,1
DA:7,1
DA:8,1
DA:9,1
DA:11,1
DA:12,1
DA:15,1
DA:18,1
DA:21,1
DA:26,1
DA:30,1
DA:33,1
LF:17
LH:17
BRF:0
BRH:0
end_of_record
TN:
SF:/Users/Nat/coder_academy/sailor_mern/backend/routes/user_routes.js
FN:25,(anonymous_0)
FNF:1
FNH:0
FNDA:0,(anonymous_0)
DA:1,1
DA:2,1
DA:3,1
DA:4,1
DA:7,1
DA:10,1
DA:12,1
DA:20,1
DA:25,1
DA:27,1
DA:30,1
DA:31,1
DA:34,1
LF:13
LH:13
BRF:0
BRH:0
end_of_record
TN:
SF:/Users/Nat/coder_academy/sailor_mern/backend/services/jwt_service.js
FN:5,generateToken
FNF:1
FNH:0
FNDA:0,generateToken
DA:1,1
DA:2,1
DA:3,1
DA:6,0
DA:17,0
DA:20,1
LF:6
LH:4
BRF:0
BRH:0
end_of_record
TN:
SF:/Users/Nat/coder_academy/sailor_mern/backend/services/rss_cron.js
FN:11,(anonymous_0)
FN:15,(anonymous_1)
FN:17,(anonymous_2)
FNF:3
FNH:1
FNDA:3,(anonymous_0)
FNDA:0,(anonymous_1)
FNDA:0,(anonymous_2)
DA:1,1
DA:2,1
DA:4,1
DA:11,3
DA:15,1
DA:16,0
DA:17,0
DA:18,0
DA:19,0
DA:22,1
LF:10
LH:6
BRF:0
BRH:0
end_of_record
TN:
SF:/Users/Nat/coder_academy/sailor_mern/backend/services/rss_service.js
FN:8,generateRandomInterests
FN:24,fetchRSS
FN:26,(anonymous_2)
FN:65,fetchArticleBodyEmbedly
FN:67,(anonymous_4)
FN:70,(anonymous_5)
FN:76,fetchArticleBodyExtract
FN:78,(anonymous_7)
FN:81,(anonymous_8)
FNF:9
FNH:1
FNDA:0,generateRandomInterests
FNDA:3,fetchRSS
FNDA:0,(anonymous_2)
FNDA:0,fetchArticleBodyEmbedly
FNDA:0,(anonymous_4)
FNDA:0,(anonymous_5)
FNDA:0,fetchArticleBodyExtract
FNDA:0,(anonymous_7)
FNDA:0,(anonymous_8)
DA:1,1
DA:2,1
DA:3,1
DA:4,1
DA:5,1
DA:9,0
DA:10,0
DA:11,0
DA:13,0
DA:14,0
DA:15,0
DA:16,0
DA:20,0
DA:25,3
DA:26,0
DA:27,0
DA:29,0
DA:30,0
DA:31,0
DA:32,0
DA:35,0
DA:36,0
DA:37,0
DA:50,0
DA:51,0
DA:52,0
DA:53,0
DA:55,0
DA:58,0
DA:61,0
DA:66,0
DA:68,0
DA:71,0
DA:77,0
DA:79,0
DA:82,0
DA:87,1
LF:37
LH:7
BRDA:15,0,0,0
BRDA:15,0,1,0
BRDA:31,1,0,0
BRDA:31,1,1,0
BRDA:44,2,0,0
BRDA:44,2,1,0
BRDA:46,3,0,0
BRDA:46,3,1,0
BRDA:50,4,0,0
BRDA:50,4,1,0
BRDA:52,5,0,0
BRDA:52,5,1,0
BRF:12
BRH:0
end_of_record
TN:
SF:/Users/Nat/coder_academy/sailor_mern/backend/services/seed_service.js
FN:6,setUpAdminUser
FN:23,setUpTestUser
FN:41,(anonymous_2)
FN:44,(anonymous_3)
FNF:4
FNH:3
FNDA:2,setUpAdminUser
FNDA:10,setUpTestUser
FNDA:0,(anonymous_2)
FNDA:1,(anonymous_3)
DA:1,1
DA:2,1
DA:5,1
DA:8,2
DA:17,1
DA:18,2
DA:19,2
DA:22,1
DA:25,10
DA:34,1
DA:35,10
DA:36,10
DA:40,1
DA:42,0
DA:45,1
DA:46,1
DA:48,0
LF:17
LH:15
BRDA:45,0,0,1
BRDA:45,0,1,0
BRF:2
BRH:1
end_of_record
